[1014 20:40:40.603][PDLLDpsdk_fun.cpp:597] TID 31624 [DEBUG] CPDLLDpsdk::DPSDKCallback(): CPDLLDpsdk::DPSDKCallback(...) m_cmd[15] m_sequence[1]
[1014 20:40:40.604][DPSDK_Core.cpp:389] TID 35224 [INFO] DPSDK_Login(): [DPSDK]IP=77.49.196.205 port=9000 name=system password=fsw651001 iType=1
[1014 20:40:40.605][DPSDK_Core.cpp:401] TID 35224 [INFO] DPSDK_Login(): nPDLLHandle = 1, IP = 77.49.196.205, Port = 9000, name = system, password = fsw651001,nProtocol = 2, iType = 1, szCheckBit = ÈmAðmAnA(#
[1014 20:40:40.605][CMSClientMdl_for_general.cpp:199] TID 11344 [INFO] DPSdk::CMSClientMdl::HandlePreLogin(): CMSClientMdl::HandlePreLogin()
[1014 20:40:40.605][ServerSession.cpp:87] TID 11344 [INFO] DPSdk::ServerSession::ConnectServer(): [PSDK] ServerSession::ConnectServer() sid = 0, ip = 77.49.196.205, port = 9000
[1014 20:40:40.606][CMSClientMdl_for_general.cpp:257] TID 11344 [INFO] DPSdk::CMSClientMdl::HandlePreLogin(): CMSClientMdl::HandlePreLogin() SEND_AND_STORE_MSG
[1014 20:40:45.607][ServerSession.cpp:370] TID 35104 [INFO] DPSdk::DSDKSocketHandler::OnClose(): DSDKSocketHandler::OnClose() sid = 0, error = 0
[1014 20:40:45.607][CMSClientMdl.cpp:186] TID 35104 [INFO] DPSdk::CMSClientMdl::DealWithNetClose(): [PSDK] CMSClientMdl::DealWithNetClose() sid = 0, error = 0, m_sid = 0, blogin = false
[1014 20:40:45.607][PDLLDpsdk_fun.cpp:597] TID 31624 [DEBUG] CPDLLDpsdk::DPSDKCallback(): CPDLLDpsdk::DPSDKCallback(...) m_cmd[4] m_sequence[2]
[1014 20:40:45.607][PDLLMessageQueue.cpp:524] TID 61244 [DEBUG] CPDLLMessageQueue::OnDpsdkCallBack(): CPDLLMessageQueue::OnDpsdkCallBack(...) pInfo->m_nCmd[4] pInfo->m_nSeq[2]
[1014 20:41:11.476][DPSDK_Core.cpp:70] TID 35224 [INFO] DPSDK_Destroy(): DPSDK_Destroy After GetPDLLDpsdk
[1014 20:41:11.477][DPSDKImpl.cpp:271] TID 35224 [DEBUG] DPSdk::DPSDKEntityImpl::UnInit(): [PSDK] uninit
[1014 20:41:11.487][PCSClientMdl.cpp:89] TID 35224 [INFO] DPSdk::PCSClientMdl::Stop(): [PSDK] PCSClientMdl::Stop
[1014 20:41:11.488][ServerMgrMdl.cpp:54] TID 35224 [INFO] DPSdk::ServerMgrMdl::StopMdlMgr(): [PSDK] ServerMgrMdl::StopMdlMgr
[1014 20:41:11.511][CMSClientMdl.cpp:147] TID 35224 [INFO] DPSdk::CMSClientMdl::Stop(): CMSClientMdl::Stop
[1014 20:41:11.511][SCSClientMdl.cpp:55] TID 35224 [INFO] DPSdk::SCSClientMdl::Stop(): SCSClientMdl::Stop start
[1014 20:41:11.603][SCSClientMdl.cpp:90] TID 35224 [INFO] DPSdk::SCSClientMdl::ClearLoginInfo(): [DPSDK]ClearLoginInfo() SAFE_DELETE(m_pISip)
[1014 20:41:11.603][SCSClientMdl.cpp:74] TID 35224 [INFO] DPSdk::SCSClientMdl::Stop(): SCSClientMdl::Stop end
[1014 20:41:11.608][DPSDK.cpp:67] TID 35224 [INFO] DPSdk::DPSDKFactory::ReleaseSDKEntity(): [PSDK] release DPSDKEntity 1E467F08
[1014 20:41:11.608][DPSDKImpl.cpp:271] TID 35224 [DEBUG] DPSdk::DPSDKEntityImpl::UnInit(): [PSDK] uninit
[1014 20:41:11.608][CMSClientMdl.cpp:147] TID 35224 [INFO] DPSdk::CMSClientMdl::Stop(): CMSClientMdl::Stop
[1014 20:41:11.608][CMSClientMdl.cpp:112] TID 35224 [INFO] DPSdk::CMSClientMdl::~CMSClientMdl(): [PSDK] CMSClientMdl::~CMSClientMdl
[1014 20:41:11.609][PCSClientMdl.cpp:89] TID 35224 [INFO] DPSdk::PCSClientMdl::Stop(): [PSDK] PCSClientMdl::Stop
[1014 20:41:11.609][PCSClientMdl.cpp:45] TID 35224 [INFO] DPSdk::PCSClientMdl::~PCSClientMdl(): [PSDK] PCSClientMdl::~PCSClientMdl
[1014 20:41:11.609][ServerMgrMdl.cpp:54] TID 35224 [INFO] DPSdk::ServerMgrMdl::StopMdlMgr(): [PSDK] ServerMgrMdl::StopMdlMgr
[1014 20:41:11.609][ServerMgrMdl.cpp:46] TID 35224 [INFO] DPSdk::ServerMgrMdl::~ServerMgrMdl(): [PSDK] ServerMgrMdl::~ServerMgrMdl
[1014 20:41:11.610][SCSClientMdl.cpp:55] TID 35224 [INFO] DPSdk::SCSClientMdl::Stop(): SCSClientMdl::Stop start
[1014 20:41:11.610][SCSClientMdl.cpp:74] TID 35224 [INFO] DPSdk::SCSClientMdl::Stop(): SCSClientMdl::Stop end
[1014 20:41:11.610][PDLLMessageQueue.cpp:3542] TID 35224 [INFO] CPDLLMessageQueue::BreakPcs(): UnInit After BreakPcs
